#-----------------------------------------------------------
# Vivado v2016.4 (64-bit)
# SW Build 1756540 on Mon Jan 23 19:11:23 MST 2017
# IP Build 1755317 on Mon Jan 23 20:30:07 MST 2017
# Start of session at: Mon Feb 14 17:20:45 2022
# Process ID: 11684
# Current directory: C:/Users/scuta/OneDrive/Desktop/resume/semafor vhdl/project_1
# Command line: vivado.exe -gui_launcher_event rodinguilauncherevent14124 C:\Users\scuta\OneDrive\Desktop\resume\semafor vhdl\project_1\project_1.xpr
# Log file: C:/Users/scuta/OneDrive/Desktop/resume/semafor vhdl/project_1/vivado.log
# Journal file: C:/Users/scuta/OneDrive/Desktop/resume/semafor vhdl/project_1\vivado.jou
#-----------------------------------------------------------
start_gui
open_project {C:/Users/scuta/OneDrive/Desktop/resume/semafor vhdl/project_1/project_1.xpr}
INFO: [Project 1-313] Project file moved from 'C:/Users/scuta/OneDrive/Desktop/Semestr 1/SSC/proiect/project_1' since last save.
CRITICAL WARNING: [Project 1-311] Could not find the file 'C:/Users/scuta/OneDrive/Desktop/resume/semafor vhdl/project_1/project_1.srcs/sources_1/new/Sig_delay.vhd', nor could it be found using path 'C:/Users/scuta/OneDrive/Desktop/Semestr 1/SSC/proiect/project_1/project_1.srcs/sources_1/new/Sig_delay.vhd'.
Scanning sources...
Finished scanning sources
INFO: [IP_Flow 19-234] Refreshing IP repositories
INFO: [IP_Flow 19-1704] No user IP repositories specified
INFO: [IP_Flow 19-2313] Loaded Vivado IP repository 'D:/AC/Vivado/2016.4/data/ip'.
exit
INFO: [Common 17-206] Exiting Vivado at Mon Feb 14 17:20:57 2022...
