Unable to capture context for thread 12044 in process 21268, can not generate back trace
Exception at PC 0x00007FFBA373BB93
Printing stacktrace...

Unable to capture context for thread 12044 in process 21268, can not generate back trace
Exception at PC 0x00007FFBEC5B4F69
Exception at PC 0x00007FFBEC5B4F69
Exception at PC 0x00007FFBEC5B4F69
Exception at PC 0x00007FFBEC5B4F69
Exception at PC 0x00007FFBEC5B4F69
Exception at PC 0x00007FFBEC5B4F69
Exception at PC 0x00007FFBEC5B4F69
Exception at PC 0x00007FFBEC5B4F69
Exception at PC 0x00007FFBEC5B4F69
Exception at PC 0x00007FFBEC5B4F69
Exception at PC 0x00007FFBEC5B4F69
Exception at PC 0x00007FFBEC5B4F69
Exception at PC 0x00007FFBEC5B4F69
Exception at PC 0x00007FFBEC5B4F69
Exception at PC 0x00007FFBEC5B4F69
[0]  [0x00007FFBA373BB93]
[1]  [0x00007FFBA373BB93]
[2]  [0x00007FFBA373B4A1]
[3]  [0x00007FFBA373B3EF]
[4]  [0x00007FFBA37219FE]
[5]  [0x00007FFBA3720ED1]
[6]  [0x00007FFBA3720D76]
[7]  [0x00007FFBA36C79F6]
[8]  [0x00007FFBA36B7AFB]
[9]  [0x00007FFBA37DE90A]
[10]  [0x00007FFBA37F9F87]
[11]  [0x00007FFBA37FA05F]
[12] (BaseThreadInitThunk+0x14) [0x00007FFBEE5E7034]
[13] (RtlUserThreadStart+0x21) [0x00007FFBEEB42651]
Done
Exception at PC 0x00007FFBEC5B4F69
Exception at PC 0x00007FFBEC5B4F69
Exception at PC 0x00007FFBEC5B4F69
